\BOOKMARK [0][-]{chapter*.2}{Contents}{}% 1
\BOOKMARK [0][-]{chapter*.3}{List of Figures}{}% 2
\BOOKMARK [0][-]{chapter*.4}{List of Tables}{}% 3
\BOOKMARK [0][-]{chapter.1}{Introduction to Engineering Design}{}% 4
\BOOKMARK [1][-]{section.1.1}{Engineering Design Processes}{chapter.1}% 5
\BOOKMARK [1][-]{section.1.2}{Safety Factor}{chapter.1}% 6
\BOOKMARK [0][-]{chapter.2}{Material Selection}{}% 7
\BOOKMARK [1][-]{section.2.1}{Cast Iron}{chapter.2}% 8
\BOOKMARK [1][-]{section.2.2}{Steel}{chapter.2}% 9
\BOOKMARK [1][-]{section.2.3}{Nonferrous Alloys}{chapter.2}% 10
\BOOKMARK [1][-]{section.2.4}{Plastics and Composites}{chapter.2}% 11
\BOOKMARK [1][-]{section.2.5}{Engineering Material Selection Process}{chapter.2}% 12
\BOOKMARK [0][-]{chapter.3}{Static Body Load Analysis}{}% 13
\BOOKMARK [1][-]{section.3.1}{Stress, strain, and stress-strain relationship}{chapter.3}% 14
\BOOKMARK [1][-]{section.3.2}{Thermal effect}{chapter.3}% 15
\BOOKMARK [1][-]{section.3.3}{Axially loaded members}{chapter.3}% 16
\BOOKMARK [1][-]{section.3.4}{Torsion}{chapter.3}% 17
\BOOKMARK [1][-]{section.3.5}{Bending}{chapter.3}% 18
\BOOKMARK [1][-]{section.3.6}{Analysis of Multiaxial Stress}{chapter.3}% 19
\BOOKMARK [1][-]{section.3.7}{Stress Concentration}{chapter.3}% 20
\BOOKMARK [0][-]{chapter.4}{Introduction to Theories of Failure}{}% 21
\BOOKMARK [1][-]{section.4.1}{Yield and Fracture}{chapter.4}% 22
\BOOKMARK [1][-]{section.4.2}{Fatigue}{chapter.4}% 23
\BOOKMARK [1][-]{section.4.3}{Buckling}{chapter.4}% 24
\BOOKMARK [0][-]{chapter.5}{Design of Simple Load Bearing Elements}{}% 25
\BOOKMARK [1][-]{section.5.1}{Basis for Beam Design}{chapter.5}% 26
\BOOKMARK [1][-]{section.5.2}{Prismatic Beam Design}{chapter.5}% 27
\BOOKMARK [1][-]{section.5.3}{Fully Stressed Beams}{chapter.5}% 28
\BOOKMARK [1][-]{section.5.4}{Shaft Design}{chapter.5}% 29
\BOOKMARK [1][-]{section.5.5}{Column Design}{chapter.5}% 30
\BOOKMARK [0][-]{chapter.6}{Design of Mechanical Springs}{}% 31
\BOOKMARK [1][-]{section.6.1}{Helical Springs}{chapter.6}% 32
\BOOKMARK [0][-]{chapter.7}{Welded Joint Design}{}% 33
\BOOKMARK [1][-]{section.7.1}{Types of Welding}{chapter.7}% 34
\BOOKMARK [1][-]{section.7.2}{Welding Material}{chapter.7}% 35
\BOOKMARK [1][-]{section.7.3}{Welded Joint Geometry}{chapter.7}% 36
\BOOKMARK [1][-]{section.7.4}{Welded Joints under Static Axial and Shear Loading}{chapter.7}% 37
\BOOKMARK [1][-]{section.7.5}{Welded Joints under Static Torsional and Bending Loading}{chapter.7}% 38
\BOOKMARK [1][-]{section.7.6}{Asymmetric Welded Joints}{chapter.7}% 39
\BOOKMARK [1][-]{section.7.7}{Fatigue Considerations in Welded Joints}{chapter.7}% 40
\BOOKMARK [0][-]{chapter.8}{Bolted Joint Design}{}% 41
\BOOKMARK [1][-]{section.8.1}{Thread forms, terminology, and standards}{chapter.8}% 42
\BOOKMARK [1][-]{section.8.2}{Static Screw Stresses}{chapter.8}% 43
\BOOKMARK [1][-]{section.8.3}{Thread Fastener Types}{chapter.8}% 44
\BOOKMARK [1][-]{section.8.4}{Fastener Materials and Methods of Manufacture}{chapter.8}% 45
\BOOKMARK [1][-]{section.8.5}{Bolt Tightening and Initial Tension}{chapter.8}% 46
\BOOKMARK [1][-]{section.8.6}{Thread Loosening and Thread Locking}{chapter.8}% 47
\BOOKMARK [1][-]{section.8.7}{Bolt Tension and Bolted Joint Stiffness}{chapter.8}% 48
\BOOKMARK [1][-]{section.8.8}{Bolt Selection for Static Loading}{chapter.8}% 49
\BOOKMARK [1][-]{section.8.9}{Bolt Selection for Fatigue Loading}{chapter.8}% 50
\BOOKMARK [0][-]{chapter.9}{Machine Components Interrelationships}{}% 51
\BOOKMARK [1][-]{section.9.1}{Processes of Mechanism Analysis}{chapter.9}% 52
\BOOKMARK [1][-]{section.9.2}{Design of a Simple Weight Scale}{chapter.9}% 53
\BOOKMARK [1][-]{section.9.3}{Design of a Bicycle Tire Pump}{chapter.9}% 54
\BOOKMARK [0][-]{chapter.10}{Introduction to Computer-aided Design}{}% 55
\BOOKMARK [1][-]{section.10.1}{Finite Element Analysis \(FEA\)}{chapter.10}% 56
\BOOKMARK [1][-]{section.10.2}{Finite Element Analysis using Solidworks}{chapter.10}% 57
\BOOKMARK [0][-]{chapter*.140}{Bibliography}{}% 58
