\BOOKMARK [0][-]{chapter*.3}{\376\377\000C\000o\000n\000t\000e\000n\000t\000s}{}% 1
\BOOKMARK [0][-]{chapter*.4}{\376\377\000L\000i\000s\000t\000\040\000o\000f\000\040\000F\000i\000g\000u\000r\000e\000s}{}% 2
\BOOKMARK [0][-]{chapter*.5}{\376\377\000L\000i\000s\000t\000\040\000o\000f\000\040\000T\000a\000b\000l\000e\000s}{}% 3
\BOOKMARK [-1][-]{part.1}{\376\377\000I\000\040\000T\000h\000e\000\040\000P\000r\000e\000p\000a\000r\000a\000t\000i\000o\000n\000s}{}% 4
\BOOKMARK [0][-]{chapter.1}{\376\377\000I\000n\000t\000r\000o\000d\000u\000c\000t\000i\000o\000n\000\040\000t\000o\000\040\000E\000n\000g\000i\000n\000e\000e\000r\000i\000n\000g\000\040\000D\000e\000s\000i\000g\000n}{part.1}% 5
\BOOKMARK [1][-]{section.1.1}{\376\377\000E\000n\000g\000i\000n\000e\000e\000r\000i\000n\000g\000\040\000D\000e\000s\000i\000g\000n\000\040\000P\000r\000o\000c\000e\000s\000s\000e\000s}{chapter.1}% 6
\BOOKMARK [1][-]{section.1.2}{\376\377\000S\000a\000f\000e\000t\000y\000\040\000F\000a\000c\000t\000o\000r}{chapter.1}% 7
\BOOKMARK [0][-]{chapter.2}{\376\377\000M\000a\000t\000e\000r\000i\000a\000l\000\040\000S\000e\000l\000e\000c\000t\000i\000o\000n}{part.1}% 8
\BOOKMARK [1][-]{section.2.1}{\376\377\000C\000a\000s\000t\000\040\000I\000r\000o\000n}{chapter.2}% 9
\BOOKMARK [1][-]{section.2.2}{\376\377\000S\000t\000e\000e\000l}{chapter.2}% 10
\BOOKMARK [1][-]{section.2.3}{\376\377\000N\000o\000n\000f\000e\000r\000r\000o\000u\000s\000\040\000A\000l\000l\000o\000y\000s}{chapter.2}% 11
\BOOKMARK [1][-]{section.2.4}{\376\377\000P\000l\000a\000s\000t\000i\000c\000s}{chapter.2}% 12
\BOOKMARK [1][-]{section.2.5}{\376\377\000C\000o\000m\000p\000o\000s\000i\000t\000e\000s}{chapter.2}% 13
\BOOKMARK [1][-]{section.2.6}{\376\377\000E\000n\000g\000i\000n\000e\000e\000r\000i\000n\000g\000\040\000M\000a\000t\000e\000r\000i\000a\000l\000\040\000S\000e\000l\000e\000c\000t\000i\000o\000n\000\040\000P\000r\000o\000c\000e\000s\000s}{chapter.2}% 14
\BOOKMARK [0][-]{chapter.3}{\376\377\000S\000t\000a\000t\000i\000c\000\040\000B\000o\000d\000y\000\040\000L\000o\000a\000d\000\040\000A\000n\000a\000l\000y\000s\000i\000s}{part.1}% 15
\BOOKMARK [1][-]{section.3.1}{\376\377\000S\000t\000r\000e\000s\000s\000,\000\040\000s\000t\000r\000a\000i\000n\000,\000\040\000a\000n\000d\000\040\000s\000t\000r\000e\000s\000s\000-\000s\000t\000r\000a\000i\000n\000\040\000r\000e\000l\000a\000t\000i\000o\000n\000s\000h\000i\000p}{chapter.3}% 16
\BOOKMARK [1][-]{section.3.2}{\376\377\000T\000h\000e\000r\000m\000a\000l\000\040\000e\000f\000f\000e\000c\000t}{chapter.3}% 17
\BOOKMARK [1][-]{section.3.3}{\376\377\000A\000x\000i\000a\000l\000l\000y\000\040\000l\000o\000a\000d\000e\000d\000\040\000m\000e\000m\000b\000e\000r\000s}{chapter.3}% 18
\BOOKMARK [1][-]{section.3.4}{\376\377\000T\000o\000r\000s\000i\000o\000n}{chapter.3}% 19
\BOOKMARK [1][-]{section.3.5}{\376\377\000B\000e\000n\000d\000i\000n\000g}{chapter.3}% 20
\BOOKMARK [1][-]{section.3.6}{\376\377\000A\000n\000a\000l\000y\000s\000i\000s\000\040\000o\000f\000\040\000M\000u\000l\000t\000i\000a\000x\000i\000a\000l\000\040\000S\000t\000r\000e\000s\000s}{chapter.3}% 21
\BOOKMARK [1][-]{section.3.7}{\376\377\000S\000t\000r\000e\000s\000s\000\040\000C\000o\000n\000c\000e\000n\000t\000r\000a\000t\000i\000o\000n}{chapter.3}% 22
\BOOKMARK [0][-]{chapter.4}{\376\377\000I\000n\000t\000r\000o\000d\000u\000c\000t\000i\000o\000n\000\040\000t\000o\000\040\000T\000h\000e\000o\000r\000i\000e\000s\000\040\000o\000f\000\040\000F\000a\000i\000l\000u\000r\000e}{part.1}% 23
\BOOKMARK [1][-]{section.4.1}{\376\377\000Y\000i\000e\000l\000d\000\040\000a\000n\000d\000\040\000F\000r\000a\000c\000t\000u\000r\000e}{chapter.4}% 24
\BOOKMARK [1][-]{section.4.2}{\376\377\000F\000a\000t\000i\000g\000u\000e}{chapter.4}% 25
\BOOKMARK [1][-]{section.4.3}{\376\377\000B\000u\000c\000k\000l\000i\000n\000g}{chapter.4}% 26
\BOOKMARK [-1][-]{part.2}{\376\377\000I\000I\000\040\000T\000h\000e\000\040\000C\000o\000m\000p\000o\000n\000e\000n\000t\000s}{}% 27
\BOOKMARK [0][-]{chapter.5}{\376\377\000D\000e\000s\000i\000g\000n\000\040\000o\000f\000\040\000S\000i\000m\000p\000l\000e\000\040\000L\000o\000a\000d\000\040\000B\000e\000a\000r\000i\000n\000g\000\040\000E\000l\000e\000m\000e\000n\000t\000s}{part.2}% 28
\BOOKMARK [1][-]{section.5.1}{\376\377\000B\000a\000s\000i\000s\000\040\000f\000o\000r\000\040\000B\000e\000a\000m\000\040\000D\000e\000s\000i\000g\000n}{chapter.5}% 29
\BOOKMARK [1][-]{section.5.2}{\376\377\000P\000r\000i\000s\000m\000a\000t\000i\000c\000\040\000B\000e\000a\000m\000\040\000D\000e\000s\000i\000g\000n}{chapter.5}% 30
\BOOKMARK [1][-]{section.5.3}{\376\377\000F\000a\000b\000r\000i\000c\000a\000t\000e\000d\000\040\000B\000e\000a\000m\000s}{chapter.5}% 31
\BOOKMARK [1][-]{section.5.4}{\376\377\000F\000u\000l\000l\000y\000\040\000S\000t\000r\000e\000s\000s\000e\000d\000\040\000B\000e\000a\000m\000s}{chapter.5}% 32
\BOOKMARK [1][-]{section.5.5}{\376\377\000S\000h\000a\000f\000t\000\040\000D\000e\000s\000i\000g\000n}{chapter.5}% 33
\BOOKMARK [1][-]{section.5.6}{\376\377\000C\000o\000l\000u\000m\000n\000\040\000D\000e\000s\000i\000g\000n}{chapter.5}% 34
\BOOKMARK [0][-]{chapter.6}{\376\377\000S\000p\000r\000i\000n\000g\000\040\000D\000e\000s\000i\000g\000n}{part.2}% 35
\BOOKMARK [1][-]{section.6.1}{\376\377\000T\000o\000r\000s\000i\000o\000n\000\040\000B\000a\000r\000\040\000S\000p\000r\000i\000n\000g\000s}{chapter.6}% 36
\BOOKMARK [1][-]{section.6.2}{\376\377\000H\000e\000l\000i\000c\000a\000l\000\040\000S\000p\000r\000i\000n\000g\000s}{chapter.6}% 37
\BOOKMARK [1][-]{section.6.3}{\376\377\000B\000e\000a\000m\000\040\000S\000p\000r\000i\000n\000g\000s}{chapter.6}% 38
\BOOKMARK [1][-]{section.6.4}{\376\377\000T\000o\000r\000s\000i\000o\000n\000\040\000S\000p\000r\000i\000n\000g\000s}{chapter.6}% 39
\BOOKMARK [-1][-]{part.3}{\376\377\000I\000I\000I\000\040\000T\000h\000e\000\040\000A\000s\000s\000e\000m\000b\000l\000y}{}% 40
\BOOKMARK [0][-]{chapter.7}{\376\377\000W\000e\000l\000d\000e\000d\000\040\000J\000o\000i\000n\000t\000\040\000D\000e\000s\000i\000g\000n}{part.3}% 41
\BOOKMARK [1][-]{section.7.1}{\376\377\000T\000y\000p\000e\000s\000\040\000o\000f\000\040\000W\000e\000l\000d\000i\000n\000g}{chapter.7}% 42
\BOOKMARK [1][-]{section.7.2}{\376\377\000W\000e\000l\000d\000e\000d\000\040\000J\000o\000i\000n\000t\000\040\000S\000t\000r\000e\000n\000g\000t\000h}{chapter.7}% 43
\BOOKMARK [1][-]{section.7.3}{\376\377\000W\000e\000l\000d\000e\000d\000\040\000J\000o\000i\000n\000t\000\040\000G\000e\000o\000m\000e\000t\000r\000y}{chapter.7}% 44
\BOOKMARK [1][-]{section.7.4}{\376\377\000W\000e\000l\000d\000e\000d\000\040\000J\000o\000i\000n\000t\000s\000\040\000u\000n\000d\000e\000r\000\040\000S\000t\000a\000t\000i\000c\000\040\000A\000x\000i\000a\000l\000\040\000a\000n\000d\000\040\000S\000h\000e\000a\000r\000\040\000L\000o\000a\000d\000i\000n\000g}{chapter.7}% 45
\BOOKMARK [1][-]{section.7.5}{\376\377\000W\000e\000l\000d\000e\000d\000\040\000J\000o\000i\000n\000t\000s\000\040\000u\000n\000d\000e\000r\000\040\000S\000t\000a\000t\000i\000c\000\040\000T\000o\000r\000s\000i\000o\000n\000a\000l\000\040\000a\000n\000d\000\040\000B\000e\000n\000d\000i\000n\000g\000\040\000L\000o\000a\000d\000i\000n\000g}{chapter.7}% 46
\BOOKMARK [1][-]{section.7.6}{\376\377\000A\000s\000y\000m\000m\000e\000t\000r\000i\000c\000\040\000W\000e\000l\000d\000e\000d\000\040\000J\000o\000i\000n\000t\000s}{chapter.7}% 47
\BOOKMARK [1][-]{section.7.7}{\376\377\000F\000a\000t\000i\000g\000u\000e\000\040\000C\000o\000n\000s\000i\000d\000e\000r\000a\000t\000i\000o\000n\000s\000\040\000i\000n\000\040\000W\000e\000l\000d\000e\000d\000\040\000J\000o\000i\000n\000t\000s}{chapter.7}% 48
\BOOKMARK [0][-]{chapter.8}{\376\377\000B\000o\000l\000t\000e\000d\000\040\000J\000o\000i\000n\000t\000\040\000D\000e\000s\000i\000g\000n}{part.3}% 49
\BOOKMARK [1][-]{section.8.1}{\376\377\000T\000h\000r\000e\000a\000d\000\040\000f\000o\000r\000m\000s\000,\000\040\000t\000e\000r\000m\000i\000n\000o\000l\000o\000g\000y\000,\000\040\000a\000n\000d\000\040\000s\000t\000a\000n\000d\000a\000r\000d\000s}{chapter.8}% 50
\BOOKMARK [1][-]{section.8.2}{\376\377\000S\000t\000a\000t\000i\000c\000\040\000S\000c\000r\000e\000w\000\040\000S\000t\000r\000e\000s\000s\000e\000s}{chapter.8}% 51
\BOOKMARK [1][-]{section.8.3}{\376\377\000T\000h\000r\000e\000a\000d\000\040\000F\000a\000s\000t\000e\000n\000e\000r\000\040\000T\000y\000p\000e\000s}{chapter.8}% 52
\BOOKMARK [1][-]{section.8.4}{\376\377\000F\000a\000s\000t\000e\000n\000e\000r\000\040\000M\000a\000t\000e\000r\000i\000a\000l\000s\000\040\000a\000n\000d\000\040\000M\000e\000t\000h\000o\000d\000s\000\040\000o\000f\000\040\000M\000a\000n\000u\000f\000a\000c\000t\000u\000r\000e}{chapter.8}% 53
\BOOKMARK [1][-]{section.8.5}{\376\377\000B\000o\000l\000t\000\040\000T\000i\000g\000h\000t\000e\000n\000i\000n\000g\000\040\000a\000n\000d\000\040\000I\000n\000i\000t\000i\000a\000l\000\040\000T\000e\000n\000s\000i\000o\000n}{chapter.8}% 54
\BOOKMARK [1][-]{section.8.6}{\376\377\000T\000h\000r\000e\000a\000d\000\040\000L\000o\000o\000s\000e\000n\000i\000n\000g\000\040\000a\000n\000d\000\040\000T\000h\000r\000e\000a\000d\000\040\000L\000o\000c\000k\000i\000n\000g}{chapter.8}% 55
\BOOKMARK [1][-]{section.8.7}{\376\377\000B\000o\000l\000t\000\040\000T\000e\000n\000s\000i\000o\000n\000\040\000a\000n\000d\000\040\000B\000o\000l\000t\000e\000d\000\040\000J\000o\000i\000n\000t\000\040\000S\000t\000i\000f\000f\000n\000e\000s\000s}{chapter.8}% 56
\BOOKMARK [1][-]{section.8.8}{\376\377\000B\000o\000l\000t\000\040\000S\000e\000l\000e\000c\000t\000i\000o\000n\000\040\000f\000o\000r\000\040\000S\000t\000a\000t\000i\000c\000\040\000L\000o\000a\000d\000i\000n\000g}{chapter.8}% 57
\BOOKMARK [1][-]{section.8.9}{\376\377\000B\000o\000l\000t\000\040\000S\000e\000l\000e\000c\000t\000i\000o\000n\000\040\000f\000o\000r\000\040\000F\000a\000t\000i\000g\000u\000e\000\040\000L\000o\000a\000d\000i\000n\000g}{chapter.8}% 58
\BOOKMARK [1][-]{section.8.10}{\376\377\000I\000n\000c\000r\000e\000a\000s\000i\000n\000g\000\040\000B\000o\000l\000t\000e\000d\000\040\000J\000o\000i\000n\000t\000\040\000F\000a\000t\000i\000g\000u\000e\000\040\000S\000t\000r\000e\000n\000g\000t\000h}{chapter.8}% 59
\BOOKMARK [0][-]{chapter.9}{\376\377\000M\000a\000c\000h\000i\000n\000e\000\040\000C\000o\000m\000p\000o\000n\000e\000n\000t\000s\000\040\000I\000n\000t\000e\000r\000r\000e\000l\000a\000t\000i\000o\000n\000s\000h\000i\000p\000s}{part.3}% 60
\BOOKMARK [1][-]{section.9.1}{\376\377\000P\000r\000o\000c\000e\000s\000s\000e\000s\000\040\000o\000f\000\040\000M\000e\000c\000h\000a\000n\000i\000s\000m\000\040\000A\000n\000a\000l\000y\000s\000i\000s}{chapter.9}% 61
\BOOKMARK [1][-]{section.9.2}{\376\377\000D\000e\000s\000i\000g\000n\000\040\000o\000f\000\040\000a\000\040\000S\000i\000m\000p\000l\000e\000\040\000W\000e\000i\000g\000h\000t\000\040\000S\000c\000a\000l\000e}{chapter.9}% 62
\BOOKMARK [1][-]{section.9.3}{\376\377\000D\000e\000s\000i\000g\000n\000\040\000o\000f\000\040\000a\000\040\000B\000i\000c\000y\000c\000l\000e\000\040\000T\000i\000r\000e\000\040\000P\000u\000m\000p}{chapter.9}% 63
\BOOKMARK [1][-]{section.9.4}{\376\377\000D\000e\000s\000i\000g\000n\000\040\000o\000f\000\040\000a\000\040\000C\000h\000e\000s\000t\000\040\000E\000x\000e\000r\000c\000i\000s\000e\000\040\000E\000q\000u\000i\000p\000m\000e\000n\000t}{chapter.9}% 64
\BOOKMARK [-1][-]{part.4}{\376\377\000I\000V\000\040\000T\000h\000e\000\040\000H\000e\000l\000p}{}% 65
\BOOKMARK [0][-]{chapter.10}{\376\377\000I\000n\000t\000r\000o\000d\000u\000c\000t\000i\000o\000n\000\040\000t\000o\000\040\000C\000o\000m\000p\000u\000t\000e\000r\000-\000a\000i\000d\000e\000d\000\040\000D\000e\000s\000i\000g\000n}{part.4}% 66
\BOOKMARK [1][-]{section.10.1}{\376\377\000F\000i\000n\000i\000t\000e\000\040\000E\000l\000e\000m\000e\000n\000t\000\040\000A\000n\000a\000l\000y\000s\000i\000s\000\040\000\050\000F\000E\000A\000\051}{chapter.10}% 67
\BOOKMARK [1][-]{section.10.2}{\376\377\000B\000a\000r\000\040\000E\000l\000e\000m\000e\000n\000t\000s}{chapter.10}% 68
\BOOKMARK [1][-]{section.10.3}{\376\377\000B\000e\000a\000m\000\040\000E\000l\000e\000m\000e\000n\000t\000s}{chapter.10}% 69
\BOOKMARK [1][-]{section.10.4}{\376\377\000F\000i\000n\000i\000t\000e\000\040\000E\000l\000e\000m\000e\000n\000t\000\040\000A\000n\000a\000l\000y\000s\000i\000s\000\040\000u\000s\000i\000n\000g\000\040\000S\000o\000l\000i\000d\000w\000o\000r\000k\000s}{chapter.10}% 70
\BOOKMARK [0][-]{appendix.A}{\376\377\000S\000o\000l\000u\000t\000i\000o\000n\000s\000\040\000t\000o\000\040\000S\000e\000l\000e\000c\000t\000e\000d\000\040\000E\000x\000e\000r\000c\000i\000s\000e\000s}{part.4}% 71
\BOOKMARK [1][-]{section.A.1}{\376\377\000I\000n\000t\000r\000o\000d\000u\000c\000t\000i\000o\000n\000\040\000t\000o\000\040\000E\000n\000g\000i\000n\000e\000e\000r\000i\000n\000g\000\040\000D\000e\000s\000i\000g\000n}{appendix.A}% 72
\BOOKMARK [1][-]{section.A.2}{\376\377\000M\000a\000t\000e\000r\000i\000a\000l\000s\000\040\000S\000e\000l\000e\000c\000t\000i\000o\000n}{appendix.A}% 73
\BOOKMARK [1][-]{section.A.3}{\376\377\000R\000e\000v\000i\000e\000w\000\040\000o\000f\000\040\000M\000e\000c\000h\000a\000n\000i\000c\000s\000\040\000o\000f\000\040\000M\000a\000t\000e\000r\000i\000a\000l\000s}{appendix.A}% 74
\BOOKMARK [1][-]{section.A.4}{\376\377\000I\000n\000t\000r\000o\000d\000u\000c\000t\000i\000o\000n\000\040\000t\000o\000\040\000T\000h\000e\000o\000r\000i\000e\000s\000\040\000o\000f\000\040\000F\000a\000i\000l\000u\000r\000e}{appendix.A}% 75
\BOOKMARK [1][-]{section.A.5}{\376\377\000D\000e\000s\000i\000g\000n\000\040\000o\000f\000\040\000S\000i\000m\000p\000l\000e\000\040\000M\000a\000c\000h\000i\000n\000e\000\040\000E\000l\000e\000m\000e\000n\000t\000s}{appendix.A}% 76
\BOOKMARK [1][-]{section.A.6}{\376\377\000D\000e\000s\000i\000g\000n\000\040\000o\000f\000\040\000M\000e\000c\000h\000a\000n\000i\000c\000a\000l\000\040\000S\000p\000r\000i\000n\000g\000s}{appendix.A}% 77
\BOOKMARK [1][-]{section.A.7}{\376\377\000D\000e\000s\000i\000g\000n\000\040\000o\000f\000\040\000W\000e\000l\000d\000e\000d\000\040\000J\000o\000i\000n\000t\000s}{appendix.A}% 78
\BOOKMARK [1][-]{section.A.8}{\376\377\000D\000e\000s\000i\000g\000n\000\040\000o\000f\000\040\000B\000o\000l\000t\000e\000d\000\040\000J\000o\000i\000n\000t\000s}{appendix.A}% 79
\BOOKMARK [1][-]{section.A.9}{\376\377\000M\000a\000c\000h\000i\000n\000e\000\040\000C\000o\000m\000p\000o\000n\000e\000n\000t\000\040\000I\000n\000t\000e\000r\000r\000e\000l\000a\000t\000i\000o\000n\000s\000h\000i\000p}{appendix.A}% 80
\BOOKMARK [1][-]{section.A.10}{\376\377\000I\000n\000t\000r\000o\000d\000u\000c\000t\000i\000o\000n\000\040\000t\000o\000\040\000F\000i\000n\000i\000t\000e\000\040\000E\000l\000e\000m\000e\000n\000t\000\040\000M\000e\000t\000h\000o\000d}{appendix.A}% 81
\BOOKMARK [0][-]{appendix.B}{\376\377\000P\000r\000o\000p\000e\000r\000t\000i\000e\000s\000\040\000o\000f\000\040\000S\000t\000r\000u\000c\000t\000u\000r\000a\000l\000\040\000S\000t\000e\000e\000l\000\040\000S\000e\000c\000t\000i\000o\000n\000s}{part.4}% 82
\BOOKMARK [0][-]{appendix.C}{\376\377\000S\000e\000c\000t\000i\000o\000n\000a\000l\000\040\000P\000r\000o\000p\000e\000r\000t\000i\000e\000s\000\040\000o\000f\000\040\000G\000e\000o\000m\000e\000t\000r\000i\000c\000\040\000S\000h\000a\000p\000e\000s}{part.4}% 83
\BOOKMARK [1][-]{section.C.1}{\376\377\000M\000o\000m\000e\000n\000t\000\040\000o\000f\000\040\000I\000n\000e\000r\000t\000i\000a\000,\000\040\000I}{appendix.C}% 84
\BOOKMARK [1][-]{section.C.2}{\376\377\000P\000o\000l\000a\000r\000\040\000M\000o\000m\000e\000n\000t\000\040\000o\000f\000\040\000I\000n\000e\000r\000t\000i\000a\000,\000\040\000J}{appendix.C}% 85
\BOOKMARK [1][-]{section.C.3}{\376\377\000S\000e\000c\000t\000i\000o\000n\000\040\000M\000o\000d\000u\000l\000u\000s\000,\000\040\000S}{appendix.C}% 86
\BOOKMARK [0][-]{appendix.D}{\376\377\000M\000a\000t\000e\000r\000i\000a\000l\000\040\000D\000e\000s\000i\000g\000n\000a\000t\000i\000o\000n\000s\000\040\000a\000n\000d\000\040\000P\000r\000o\000p\000e\000r\000t\000i\000e\000s}{part.4}% 87
\BOOKMARK [0][-]{appendix*.225}{\376\377\000B\000i\000b\000l\000i\000o\000g\000r\000a\000p\000h\000y}{part.4}% 88
